d:\projetos\pessoal\handsoftibia\server\vc12\x64\release\theforgottenserver.pch
d:\projetos\pessoal\handsoftibia\server\vc12\x64\release\vc120.pdb
d:\projetos\pessoal\handsoftibia\server\vc12\x64\release\obj_r\otpch.obj
d:\projetos\pessoal\handsoftibia\server\vc12\x64\release\obj_r\container.obj
d:\projetos\pessoal\handsoftibia\server\vc12\x64\release\obj_r\inbox.obj
d:\projetos\pessoal\handsoftibia\server\vc12\x64\release\obj_r\iologindata.obj
d:\projetos\pessoal\handsoftibia\server\vc12\x64\release\obj_r\networkmessage.obj
d:\projetos\pessoal\handsoftibia\server\vc12\x64\release\obj_r\raids.obj
d:\projetos\pessoal\handsoftibia\server\vc12\x64\release\obj_r\waitlist.obj
d:\projetos\pessoal\handsoftibia\server\vc12\x64\release\obj_r\commands.obj
d:\projetos\pessoal\handsoftibia\server\vc12\x64\release\obj_r\iomapserialize.obj
d:\projetos\pessoal\handsoftibia\server\vc12\x64\release\obj_r\mounts.obj
d:\projetos\pessoal\handsoftibia\server\vc12\x64\release\obj_r\party.obj
d:\projetos\pessoal\handsoftibia\server\vc12\x64\release\obj_r\talkaction.obj
d:\projetos\pessoal\handsoftibia\server\vc12\x64\release\obj_r\weapons.obj
d:\projetos\pessoal\handsoftibia\server\vc12\x64\release\obj_r\chat.obj
d:\projetos\pessoal\handsoftibia\server\vc12\x64\release\obj_r\iomarket.obj
d:\projetos\pessoal\handsoftibia\server\vc12\x64\release\obj_r\npc.obj
d:\projetos\pessoal\handsoftibia\server\vc12\x64\release\obj_r\spells.obj
d:\projetos\pessoal\handsoftibia\server\vc12\x64\release\obj_r\bed.obj
d:\projetos\pessoal\handsoftibia\server\vc12\x64\release\obj_r\house.obj
d:\projetos\pessoal\handsoftibia\server\vc12\x64\release\obj_r\movement.obj
d:\projetos\pessoal\handsoftibia\server\vc12\x64\release\obj_r\spawn.obj
d:\projetos\pessoal\handsoftibia\server\vc12\x64\release\obj_r\connection.obj
d:\projetos\pessoal\handsoftibia\server\vc12\x64\release\obj_r\creatureevent.obj
d:\projetos\pessoal\handsoftibia\server\vc12\x64\release\obj_r\guild.obj
d:\projetos\pessoal\handsoftibia\server\vc12\x64\release\obj_r\monsters.obj
d:\projetos\pessoal\handsoftibia\server\vc12\x64\release\obj_r\server.obj
d:\projetos\pessoal\handsoftibia\server\vc12\x64\release\obj_r\protocolstatus.obj
d:\projetos\pessoal\handsoftibia\server\vc12\x64\release\obj_r\baseevents.obj
d:\projetos\pessoal\handsoftibia\server\vc12\x64\release\obj_r\databasemanager.obj
d:\projetos\pessoal\handsoftibia\server\vc12\x64\release\obj_r\depotchest.obj
d:\projetos\pessoal\handsoftibia\server\vc12\x64\release\obj_r\depotlocker.obj
d:\projetos\pessoal\handsoftibia\server\vc12\x64\release\obj_r\events.obj
d:\projetos\pessoal\handsoftibia\server\vc12\x64\release\obj_r\map.obj
d:\projetos\pessoal\handsoftibia\server\vc12\x64\release\obj_r\protocolold.obj
d:\projetos\pessoal\handsoftibia\server\vc12\x64\release\obj_r\thing.obj
d:\projetos\pessoal\handsoftibia\server\vc12\x64\release\obj_r\actions.obj
d:\projetos\pessoal\handsoftibia\server\vc12\x64\release\obj_r\ioguild.obj
d:\projetos\pessoal\handsoftibia\server\vc12\x64\release\obj_r\items.obj
d:\projetos\pessoal\handsoftibia\server\vc12\x64\release\obj_r\outfit.obj
d:\projetos\pessoal\handsoftibia\server\vc12\x64\release\obj_r\position.obj
d:\projetos\pessoal\handsoftibia\server\vc12\x64\release\obj_r\protocol.obj
d:\projetos\pessoal\handsoftibia\server\vc12\x64\release\obj_r\protocollogin.obj
d:\projetos\pessoal\handsoftibia\server\vc12\x64\release\obj_r\tile.obj
d:\projetos\pessoal\handsoftibia\server\vc12\x64\release\obj_r\condition.obj
d:\projetos\pessoal\handsoftibia\server\vc12\x64\release\obj_r\groups.obj
d:\projetos\pessoal\handsoftibia\server\vc12\x64\release\obj_r\item.obj
d:\projetos\pessoal\handsoftibia\server\vc12\x64\release\obj_r\otserv.obj
d:\projetos\pessoal\handsoftibia\server\vc12\x64\release\obj_r\tasks.obj
d:\projetos\pessoal\handsoftibia\server\vc12\x64\release\obj_r\configmanager.obj
d:\projetos\pessoal\handsoftibia\server\vc12\x64\release\obj_r\globalevent.obj
d:\projetos\pessoal\handsoftibia\server\vc12\x64\release\obj_r\mailbox.obj
d:\projetos\pessoal\handsoftibia\server\vc12\x64\release\obj_r\outputmessage.obj
d:\projetos\pessoal\handsoftibia\server\vc12\x64\release\obj_r\player.obj
d:\projetos\pessoal\handsoftibia\server\vc12\x64\release\obj_r\tools.obj
d:\projetos\pessoal\handsoftibia\server\vc12\x64\release\obj_r\trashholder.obj
d:\projetos\pessoal\handsoftibia\server\vc12\x64\release\obj_r\ban.obj
d:\projetos\pessoal\handsoftibia\server\vc12\x64\release\obj_r\cylinder.obj
d:\projetos\pessoal\handsoftibia\server\vc12\x64\release\obj_r\database.obj
d:\projetos\pessoal\handsoftibia\server\vc12\x64\release\obj_r\databasetasks.obj
d:\projetos\pessoal\handsoftibia\server\vc12\x64\release\obj_r\fileloader.obj
d:\projetos\pessoal\handsoftibia\server\vc12\x64\release\obj_r\game.obj
d:\projetos\pessoal\handsoftibia\server\vc12\x64\release\obj_r\protocolgame.obj
d:\projetos\pessoal\handsoftibia\server\vc12\x64\release\obj_r\combat.obj
d:\projetos\pessoal\handsoftibia\server\vc12\x64\release\obj_r\housetile.obj
d:\projetos\pessoal\handsoftibia\server\vc12\x64\release\obj_r\monster.obj
d:\projetos\pessoal\handsoftibia\server\vc12\x64\release\obj_r\rsa.obj
d:\projetos\pessoal\handsoftibia\server\vc12\x64\release\obj_r\scheduler.obj
d:\projetos\pessoal\handsoftibia\server\vc12\x64\release\obj_r\scriptmanager.obj
d:\projetos\pessoal\handsoftibia\server\vc12\x64\release\obj_r\vocation.obj
d:\projetos\pessoal\handsoftibia\server\vc12\x64\release\obj_r\wildcardtree.obj
d:\projetos\pessoal\handsoftibia\server\vc12\x64\release\obj_r\creature.obj
d:\projetos\pessoal\handsoftibia\server\vc12\x64\release\obj_r\iomap.obj
d:\projetos\pessoal\handsoftibia\server\vc12\x64\release\obj_r\luascript.obj
d:\projetos\pessoal\handsoftibia\server\vc12\x64\release\obj_r\quests.obj
d:\projetos\pessoal\handsoftibia\server\vc12\x64\release\obj_r\teleport.obj
d:\projetos\pessoal\handsoftibia\server\vc12\x64\release\theforgottenserver.exe
d:\projetos\pessoal\handsoftibia\server\vc12\x64\release\theforgottenserver.pdb
d:\projetos\pessoal\handsoftibia\server\vc12\x64\release\theforgo.a10f9657.tlog\cl.command.1.tlog
d:\projetos\pessoal\handsoftibia\server\vc12\x64\release\theforgo.a10f9657.tlog\cl.read.1.tlog
d:\projetos\pessoal\handsoftibia\server\vc12\x64\release\theforgo.a10f9657.tlog\cl.write.1.tlog
d:\projetos\pessoal\handsoftibia\server\vc12\x64\release\theforgo.a10f9657.tlog\link.command.1.tlog
d:\projetos\pessoal\handsoftibia\server\vc12\x64\release\theforgo.a10f9657.tlog\link.read.1.tlog
d:\projetos\pessoal\handsoftibia\server\vc12\x64\release\theforgo.a10f9657.tlog\link.write.1.tlog
